<?xml version="1.0" encoding="UTF-8"?>
<!-- Generated by org.testng.reporters.JUnitReportReporter -->
<testsuite hostname="Navn" name="cs520.model.dao.DepartmentDaoTest" tests="1" failures="0" timestamp="1 Feb 2016 09:18:17 GMT" time="0.625" errors="0">
  <testcase name="testCaseForDepartmentCount" time="0.625" classname="cs520.model.dao.DepartmentDaoTest"/>
</testsuite> <!-- cs520.model.dao.DepartmentDaoTest -->
