<?xml version="1.0" encoding="UTF-8"?>
<!-- Generated by org.testng.reporters.JUnitReportReporter -->
<testsuite hostname="Navn" name="cs520.model.dao.UserDaoTest" tests="1" failures="0" timestamp="29 Jan 2016 22:18:04 GMT" time="0.282" errors="0">
  <testcase name="getUser" time="0.282" classname="cs520.model.dao.UserDaoTest"/>
</testsuite> <!-- cs520.model.dao.UserDaoTest -->
